   1              		.cpu arm7tdmi
   2              		.fpu softvfp
   3              		.eabi_attribute 20, 1
   4              		.eabi_attribute 21, 1
   5              		.eabi_attribute 23, 3
   6              		.eabi_attribute 24, 1
   7              		.eabi_attribute 25, 1
   8              		.eabi_attribute 26, 1
   9              		.eabi_attribute 30, 6
  10              		.eabi_attribute 18, 4
  11              		.file	"led.c"
  21              	.Ltext0:
  22              		.file 1 "../led.c"
 1831              		.align	2
 1832              		.global	leds_on
 1834              	leds_on:
 1835              	.LFB0:
   1:../led.c      **** /*--- ficheros de cabecera ---*/
   2:../led.c      **** #include "44b.h"
   3:../led.c      **** /*--- variables globales ---*/
   4:../led.c      **** int led_state; // estado del LED
   5:../led.c      **** /*--- declaracion de funciones ---*/
   6:../led.c      **** void leds_on(); // todos los LEDs encendidos
   7:../led.c      **** void leds_off(); // todos los LEDs apagados
   8:../led.c      **** void led1_on(); // LED 1 encendido
   9:../led.c      **** void led1_off(); // LED 1 apagado
  10:../led.c      **** void led2_on(); // LED 2 encendido
  11:../led.c      **** void led2_off(); // LED 2 apagado
  12:../led.c      **** void leds_switch(); // invierte el valor de los LEDs
  13:../led.c      **** void Led_Display(int LedStatus); // control directo del LED
  14:../led.c      **** /*--- codigo de las funciones ---*/
  15:../led.c      **** void leds_on()
  16:../led.c      **** {
 1836              		.loc 1 16 0
 1837              		.cfi_startproc
 1838              		@ Function supports interworking.
 1839              		@ args = 0, pretend = 0, frame = 0
 1840              		@ frame_needed = 1, uses_anonymous_args = 0
 1841 0000 0DC0A0E1 		mov	ip, sp
 1842              	.LCFI0:
 1843              		.cfi_def_cfa_register 12
 1844 0004 00D82DE9 		stmfd	sp!, {fp, ip, lr, pc}
 1845 0008 04B04CE2 		sub	fp, ip, #4
 1846              		.cfi_offset 14, -8
 1847              		.cfi_offset 13, -12
 1848              		.cfi_offset 11, -16
 1849              	.LCFI1:
 1850              		.cfi_def_cfa 11, 4
  17:../led.c      **** 	Led_Display(0x3);
 1851              		.loc 1 17 0
 1852 000c 0300A0E3 		mov	r0, #3
 1853 0010 FEFFFFEB 		bl	Led_Display
  18:../led.c      **** }
 1854              		.loc 1 18 0
 1855 0014 0CD04BE2 		sub	sp, fp, #12
 1856 0018 00689DE8 		ldmfd	sp, {fp, sp, lr}
 1857 001c 1EFF2FE1 		bx	lr
 1858              		.cfi_endproc
 1859              	.LFE0:
 1861              		.align	2
 1862              		.global	leds_off
 1864              	leds_off:
 1865              	.LFB1:
  19:../led.c      **** void leds_off()
  20:../led.c      **** {
 1866              		.loc 1 20 0
 1867              		.cfi_startproc
 1868              		@ Function supports interworking.
 1869              		@ args = 0, pretend = 0, frame = 0
 1870              		@ frame_needed = 1, uses_anonymous_args = 0
 1871 0020 0DC0A0E1 		mov	ip, sp
 1872              	.LCFI2:
 1873              		.cfi_def_cfa_register 12
 1874 0024 00D82DE9 		stmfd	sp!, {fp, ip, lr, pc}
 1875 0028 04B04CE2 		sub	fp, ip, #4
 1876              		.cfi_offset 14, -8
 1877              		.cfi_offset 13, -12
 1878              		.cfi_offset 11, -16
 1879              	.LCFI3:
 1880              		.cfi_def_cfa 11, 4
  21:../led.c      **** 	Led_Display(0x0);
 1881              		.loc 1 21 0
 1882 002c 0000A0E3 		mov	r0, #0
 1883 0030 FEFFFFEB 		bl	Led_Display
  22:../led.c      **** }
 1884              		.loc 1 22 0
 1885 0034 0CD04BE2 		sub	sp, fp, #12
 1886 0038 00689DE8 		ldmfd	sp, {fp, sp, lr}
 1887 003c 1EFF2FE1 		bx	lr
 1888              		.cfi_endproc
 1889              	.LFE1:
 1891              		.align	2
 1892              		.global	led1_on
 1894              	led1_on:
 1895              	.LFB2:
  23:../led.c      **** void led1_on()
  24:../led.c      **** {
 1896              		.loc 1 24 0
 1897              		.cfi_startproc
 1898              		@ Function supports interworking.
 1899              		@ args = 0, pretend = 0, frame = 0
 1900              		@ frame_needed = 1, uses_anonymous_args = 0
 1901 0040 0DC0A0E1 		mov	ip, sp
 1902              	.LCFI4:
 1903              		.cfi_def_cfa_register 12
 1904 0044 00D82DE9 		stmfd	sp!, {fp, ip, lr, pc}
 1905 0048 04B04CE2 		sub	fp, ip, #4
 1906              		.cfi_offset 14, -8
 1907              		.cfi_offset 13, -12
 1908              		.cfi_offset 11, -16
 1909              	.LCFI5:
 1910              		.cfi_def_cfa 11, 4
  25:../led.c      **** 	led_state = led_state | 0x1;
 1911              		.loc 1 25 0
 1912 004c 28309FE5 		ldr	r3, .L4
 1913 0050 003093E5 		ldr	r3, [r3, #0]
 1914 0054 012083E3 		orr	r2, r3, #1
 1915 0058 1C309FE5 		ldr	r3, .L4
 1916 005c 002083E5 		str	r2, [r3, #0]
  26:../led.c      **** 	Led_Display(led_state);
 1917              		.loc 1 26 0
 1918 0060 14309FE5 		ldr	r3, .L4
 1919 0064 003093E5 		ldr	r3, [r3, #0]
 1920 0068 0300A0E1 		mov	r0, r3
 1921 006c FEFFFFEB 		bl	Led_Display
  27:../led.c      **** }
 1922              		.loc 1 27 0
 1923 0070 0CD04BE2 		sub	sp, fp, #12
 1924 0074 00689DE8 		ldmfd	sp, {fp, sp, lr}
 1925 0078 1EFF2FE1 		bx	lr
 1926              	.L5:
 1927              		.align	2
 1928              	.L4:
 1929 007c 00000000 		.word	led_state
 1930              		.cfi_endproc
 1931              	.LFE2:
 1933              		.align	2
 1934              		.global	led1_off
 1936              	led1_off:
 1937              	.LFB3:
  28:../led.c      **** void led1_off()
  29:../led.c      **** {
 1938              		.loc 1 29 0
 1939              		.cfi_startproc
 1940              		@ Function supports interworking.
 1941              		@ args = 0, pretend = 0, frame = 0
 1942              		@ frame_needed = 1, uses_anonymous_args = 0
 1943 0080 0DC0A0E1 		mov	ip, sp
 1944              	.LCFI6:
 1945              		.cfi_def_cfa_register 12
 1946 0084 00D82DE9 		stmfd	sp!, {fp, ip, lr, pc}
 1947 0088 04B04CE2 		sub	fp, ip, #4
 1948              		.cfi_offset 14, -8
 1949              		.cfi_offset 13, -12
 1950              		.cfi_offset 11, -16
 1951              	.LCFI7:
 1952              		.cfi_def_cfa 11, 4
  30:../led.c      **** 	led_state = led_state & 0xfe;
 1953              		.loc 1 30 0
 1954 008c 28309FE5 		ldr	r3, .L7
 1955 0090 003093E5 		ldr	r3, [r3, #0]
 1956 0094 FE2003E2 		and	r2, r3, #254
 1957 0098 1C309FE5 		ldr	r3, .L7
 1958 009c 002083E5 		str	r2, [r3, #0]
  31:../led.c      **** 	Led_Display(led_state);
 1959              		.loc 1 31 0
 1960 00a0 14309FE5 		ldr	r3, .L7
 1961 00a4 003093E5 		ldr	r3, [r3, #0]
 1962 00a8 0300A0E1 		mov	r0, r3
 1963 00ac FEFFFFEB 		bl	Led_Display
  32:../led.c      **** }
 1964              		.loc 1 32 0
 1965 00b0 0CD04BE2 		sub	sp, fp, #12
 1966 00b4 00689DE8 		ldmfd	sp, {fp, sp, lr}
 1967 00b8 1EFF2FE1 		bx	lr
 1968              	.L8:
 1969              		.align	2
 1970              	.L7:
 1971 00bc 00000000 		.word	led_state
 1972              		.cfi_endproc
 1973              	.LFE3:
 1975              		.align	2
 1976              		.global	led2_on
 1978              	led2_on:
 1979              	.LFB4:
  33:../led.c      **** void led2_on()
  34:../led.c      **** {
 1980              		.loc 1 34 0
 1981              		.cfi_startproc
 1982              		@ Function supports interworking.
 1983              		@ args = 0, pretend = 0, frame = 0
 1984              		@ frame_needed = 1, uses_anonymous_args = 0
 1985 00c0 0DC0A0E1 		mov	ip, sp
 1986              	.LCFI8:
 1987              		.cfi_def_cfa_register 12
 1988 00c4 00D82DE9 		stmfd	sp!, {fp, ip, lr, pc}
 1989 00c8 04B04CE2 		sub	fp, ip, #4
 1990              		.cfi_offset 14, -8
 1991              		.cfi_offset 13, -12
 1992              		.cfi_offset 11, -16
 1993              	.LCFI9:
 1994              		.cfi_def_cfa 11, 4
  35:../led.c      **** 	led_state = led_state | 0x2;
 1995              		.loc 1 35 0
 1996 00cc 28309FE5 		ldr	r3, .L10
 1997 00d0 003093E5 		ldr	r3, [r3, #0]
 1998 00d4 022083E3 		orr	r2, r3, #2
 1999 00d8 1C309FE5 		ldr	r3, .L10
 2000 00dc 002083E5 		str	r2, [r3, #0]
  36:../led.c      **** 	Led_Display(led_state);
 2001              		.loc 1 36 0
 2002 00e0 14309FE5 		ldr	r3, .L10
 2003 00e4 003093E5 		ldr	r3, [r3, #0]
 2004 00e8 0300A0E1 		mov	r0, r3
 2005 00ec FEFFFFEB 		bl	Led_Display
  37:../led.c      **** }
 2006              		.loc 1 37 0
 2007 00f0 0CD04BE2 		sub	sp, fp, #12
 2008 00f4 00689DE8 		ldmfd	sp, {fp, sp, lr}
 2009 00f8 1EFF2FE1 		bx	lr
 2010              	.L11:
 2011              		.align	2
 2012              	.L10:
 2013 00fc 00000000 		.word	led_state
 2014              		.cfi_endproc
 2015              	.LFE4:
 2017              		.align	2
 2018              		.global	led2_off
 2020              	led2_off:
 2021              	.LFB5:
  38:../led.c      **** void led2_off()
  39:../led.c      **** {
 2022              		.loc 1 39 0
 2023              		.cfi_startproc
 2024              		@ Function supports interworking.
 2025              		@ args = 0, pretend = 0, frame = 0
 2026              		@ frame_needed = 1, uses_anonymous_args = 0
 2027 0100 0DC0A0E1 		mov	ip, sp
 2028              	.LCFI10:
 2029              		.cfi_def_cfa_register 12
 2030 0104 00D82DE9 		stmfd	sp!, {fp, ip, lr, pc}
 2031 0108 04B04CE2 		sub	fp, ip, #4
 2032              		.cfi_offset 14, -8
 2033              		.cfi_offset 13, -12
 2034              		.cfi_offset 11, -16
 2035              	.LCFI11:
 2036              		.cfi_def_cfa 11, 4
  40:../led.c      **** 	led_state = led_state & 0xfd;
 2037              		.loc 1 40 0
 2038 010c 28309FE5 		ldr	r3, .L13
 2039 0110 003093E5 		ldr	r3, [r3, #0]
 2040 0114 FD2003E2 		and	r2, r3, #253
 2041 0118 1C309FE5 		ldr	r3, .L13
 2042 011c 002083E5 		str	r2, [r3, #0]
  41:../led.c      **** 	Led_Display(led_state);
 2043              		.loc 1 41 0
 2044 0120 14309FE5 		ldr	r3, .L13
 2045 0124 003093E5 		ldr	r3, [r3, #0]
 2046 0128 0300A0E1 		mov	r0, r3
 2047 012c FEFFFFEB 		bl	Led_Display
  42:../led.c      **** }
 2048              		.loc 1 42 0
 2049 0130 0CD04BE2 		sub	sp, fp, #12
 2050 0134 00689DE8 		ldmfd	sp, {fp, sp, lr}
 2051 0138 1EFF2FE1 		bx	lr
 2052              	.L14:
 2053              		.align	2
 2054              	.L13:
 2055 013c 00000000 		.word	led_state
 2056              		.cfi_endproc
 2057              	.LFE5:
 2059              		.align	2
 2060              		.global	leds_switch
 2062              	leds_switch:
 2063              	.LFB6:
  43:../led.c      **** void leds_switch ()
  44:../led.c      **** {
 2064              		.loc 1 44 0
 2065              		.cfi_startproc
 2066              		@ Function supports interworking.
 2067              		@ args = 0, pretend = 0, frame = 0
 2068              		@ frame_needed = 1, uses_anonymous_args = 0
 2069 0140 0DC0A0E1 		mov	ip, sp
 2070              	.LCFI12:
 2071              		.cfi_def_cfa_register 12
 2072 0144 00D82DE9 		stmfd	sp!, {fp, ip, lr, pc}
 2073 0148 04B04CE2 		sub	fp, ip, #4
 2074              		.cfi_offset 14, -8
 2075              		.cfi_offset 13, -12
 2076              		.cfi_offset 11, -16
 2077              	.LCFI13:
 2078              		.cfi_def_cfa 11, 4
  45:../led.c      **** 	led_state ^= 0x03;
 2079              		.loc 1 45 0
 2080 014c 28309FE5 		ldr	r3, .L16
 2081 0150 003093E5 		ldr	r3, [r3, #0]
 2082 0154 032023E2 		eor	r2, r3, #3
 2083 0158 1C309FE5 		ldr	r3, .L16
 2084 015c 002083E5 		str	r2, [r3, #0]
  46:../led.c      **** 	Led_Display(led_state);
 2085              		.loc 1 46 0
 2086 0160 14309FE5 		ldr	r3, .L16
 2087 0164 003093E5 		ldr	r3, [r3, #0]
 2088 0168 0300A0E1 		mov	r0, r3
 2089 016c FEFFFFEB 		bl	Led_Display
  47:../led.c      **** }
 2090              		.loc 1 47 0
 2091 0170 0CD04BE2 		sub	sp, fp, #12
 2092 0174 00689DE8 		ldmfd	sp, {fp, sp, lr}
 2093 0178 1EFF2FE1 		bx	lr
 2094              	.L17:
 2095              		.align	2
 2096              	.L16:
 2097 017c 00000000 		.word	led_state
 2098              		.cfi_endproc
 2099              	.LFE6:
 2101              		.align	2
 2102              		.global	Led_Display
 2104              	Led_Display:
 2105              	.LFB7:
  48:../led.c      **** void Led_Display(int LedStatus)
  49:../led.c      **** {
 2106              		.loc 1 49 0
 2107              		.cfi_startproc
 2108              		@ Function supports interworking.
 2109              		@ args = 0, pretend = 0, frame = 8
 2110              		@ frame_needed = 1, uses_anonymous_args = 0
 2111 0180 0DC0A0E1 		mov	ip, sp
 2112              	.LCFI14:
 2113              		.cfi_def_cfa_register 12
 2114 0184 00D82DE9 		stmfd	sp!, {fp, ip, lr, pc}
 2115 0188 04B04CE2 		sub	fp, ip, #4
 2116              		.cfi_offset 14, -8
 2117              		.cfi_offset 13, -12
 2118              		.cfi_offset 11, -16
 2119              	.LCFI15:
 2120              		.cfi_def_cfa 11, 4
 2121 018c 08D04DE2 		sub	sp, sp, #8
 2122 0190 10000BE5 		str	r0, [fp, #-16]
  50:../led.c      **** 	led_state = LedStatus;
 2123              		.loc 1 50 0
 2124 0194 8C309FE5 		ldr	r3, .L23
 2125 0198 10201BE5 		ldr	r2, [fp, #-16]
 2126 019c 002083E5 		str	r2, [r3, #0]
  51:../led.c      **** 	if ((LedStatus&0x01) == 0x01)	
 2127              		.loc 1 51 0
 2128 01a0 10301BE5 		ldr	r3, [fp, #-16]
 2129 01a4 013003E2 		and	r3, r3, #1
 2130 01a8 FF3003E2 		and	r3, r3, #255
 2131 01ac 000053E3 		cmp	r3, #0
 2132 01b0 0500000A 		beq	.L19
  52:../led.c      **** 		rPDATB=rPDATB & ~(0x01<<9)
 2133              		.loc 1 52 0
 2134 01b4 70309FE5 		ldr	r3, .L23+4
 2135 01b8 6C209FE5 		ldr	r2, .L23+4
 2136 01bc 002092E5 		ldr	r2, [r2, #0]
 2137 01c0 022CC2E3 		bic	r2, r2, #512
 2138 01c4 002083E5 		str	r2, [r3, #0]
 2139 01c8 040000EA 		b	.L20
 2140              	.L19:
  53:../led.c      **** 	;// poner a 0 el bit 9 del registro de datos del puerto B
  54:../led.c      **** 	else
  55:../led.c      **** 		rPDATB=rPDATB |(0x01<<9)
 2141              		.loc 1 55 0
 2142 01cc 58309FE5 		ldr	r3, .L23+4
 2143 01d0 54209FE5 		ldr	r2, .L23+4
 2144 01d4 002092E5 		ldr	r2, [r2, #0]
 2145 01d8 022C82E3 		orr	r2, r2, #512
 2146 01dc 002083E5 		str	r2, [r3, #0]
 2147              	.L20:
  56:../led.c      **** 	;// poner a 1 el bit 9 del registro de datos del puerto B
  57:../led.c      **** 	if ((LedStatus&0x02) == 0x02)
 2148              		.loc 1 57 0
 2149 01e0 10301BE5 		ldr	r3, [fp, #-16]
 2150 01e4 023003E2 		and	r3, r3, #2
 2151 01e8 000053E3 		cmp	r3, #0
 2152 01ec 0500000A 		beq	.L21
  58:../led.c      **** 		rPDATB=rPDATB & ~(0x01<<10)
 2153              		.loc 1 58 0
 2154 01f0 34309FE5 		ldr	r3, .L23+4
 2155 01f4 30209FE5 		ldr	r2, .L23+4
 2156 01f8 002092E5 		ldr	r2, [r2, #0]
 2157 01fc 012BC2E3 		bic	r2, r2, #1024
 2158 0200 002083E5 		str	r2, [r3, #0]
 2159 0204 040000EA 		b	.L18
 2160              	.L21:
  59:../led.c      **** 	;// poner a 0 el bit 10 del registro de datos del puerto B
  60:../led.c      **** 	else
  61:../led.c      **** 		rPDATB=rPDATB |(0x01<<10)
 2161              		.loc 1 61 0
 2162 0208 1C309FE5 		ldr	r3, .L23+4
 2163 020c 18209FE5 		ldr	r2, .L23+4
 2164 0210 002092E5 		ldr	r2, [r2, #0]
 2165 0214 012B82E3 		orr	r2, r2, #1024
 2166 0218 002083E5 		str	r2, [r3, #0]
 2167              	.L18:
  62:../led.c      **** 	;// poner a 1 el bit 10 del registro de datos del puerto B
  63:../led.c      **** }
 2168              		.loc 1 63 0
 2169 021c 0CD04BE2 		sub	sp, fp, #12
 2170 0220 00689DE8 		ldmfd	sp, {fp, sp, lr}
 2171 0224 1EFF2FE1 		bx	lr
 2172              	.L24:
 2173              		.align	2
 2174              	.L23:
 2175 0228 00000000 		.word	led_state
 2176 022c 0C00D201 		.word	30539788
 2177              		.cfi_endproc
 2178              	.LFE7:
 2180              		.global	ledsBlink
 2181              		.bss
 2182              		.align	2
 2185              	ledsBlink:
 2186 0000 00000000 		.space	4
 2187              		.global	ledsToogle
 2188              		.align	2
 2191              	ledsToogle:
 2192 0004 00000000 		.space	4
 2193              		.text
 2194              		.align	2
 2195              		.global	ledsSetBlink
 2197              	ledsSetBlink:
 2198              	.LFB8:
  64:../led.c      **** 
  65:../led.c      **** int ledsBlink = 0;
  66:../led.c      **** int ledsToogle = 0;
  67:../led.c      **** 
  68:../led.c      **** void ledsSetBlink(int aux){
 2199              		.loc 1 68 0
 2200              		.cfi_startproc
 2201              		@ Function supports interworking.
 2202              		@ args = 0, pretend = 0, frame = 8
 2203              		@ frame_needed = 1, uses_anonymous_args = 0
 2204 0230 0DC0A0E1 		mov	ip, sp
 2205              	.LCFI16:
 2206              		.cfi_def_cfa_register 12
 2207 0234 00D82DE9 		stmfd	sp!, {fp, ip, lr, pc}
 2208 0238 04B04CE2 		sub	fp, ip, #4
 2209              		.cfi_offset 14, -8
 2210              		.cfi_offset 13, -12
 2211              		.cfi_offset 11, -16
 2212              	.LCFI17:
 2213              		.cfi_def_cfa 11, 4
 2214 023c 08D04DE2 		sub	sp, sp, #8
 2215 0240 10000BE5 		str	r0, [fp, #-16]
  69:../led.c      **** 	ledsBlink = aux;
 2216              		.loc 1 69 0
 2217 0244 10309FE5 		ldr	r3, .L26
 2218 0248 10201BE5 		ldr	r2, [fp, #-16]
 2219 024c 002083E5 		str	r2, [r3, #0]
  70:../led.c      **** }
 2220              		.loc 1 70 0
 2221 0250 0CD04BE2 		sub	sp, fp, #12
 2222 0254 00689DE8 		ldmfd	sp, {fp, sp, lr}
 2223 0258 1EFF2FE1 		bx	lr
 2224              	.L27:
 2225              		.align	2
 2226              	.L26:
 2227 025c 00000000 		.word	ledsBlink
 2228              		.cfi_endproc
 2229              	.LFE8:
 2231              		.align	2
 2232              		.global	ledsToggle
 2234              	ledsToggle:
 2235              	.LFB9:
  71:../led.c      **** 
  72:../led.c      **** void ledsToggle(){
 2236              		.loc 1 72 0
 2237              		.cfi_startproc
 2238              		@ Function supports interworking.
 2239              		@ args = 0, pretend = 0, frame = 0
 2240              		@ frame_needed = 1, uses_anonymous_args = 0
 2241 0260 0DC0A0E1 		mov	ip, sp
 2242              	.LCFI18:
 2243              		.cfi_def_cfa_register 12
 2244 0264 00D82DE9 		stmfd	sp!, {fp, ip, lr, pc}
 2245 0268 04B04CE2 		sub	fp, ip, #4
 2246              		.cfi_offset 14, -8
 2247              		.cfi_offset 13, -12
 2248              		.cfi_offset 11, -16
 2249              	.LCFI19:
 2250              		.cfi_def_cfa 11, 4
  73:../led.c      **** 	if (ledsBlink == 0){
 2251              		.loc 1 73 0
 2252 026c 7C309FE5 		ldr	r3, .L32
 2253 0270 003093E5 		ldr	r3, [r3, #0]
 2254 0274 000053E3 		cmp	r3, #0
 2255 0278 0100001A 		bne	.L29
  74:../led.c      **** 		led1_on();
 2256              		.loc 1 74 0
 2257 027c FEFFFFEB 		bl	led1_on
  75:../led.c      **** 		led2_on();
 2258              		.loc 1 75 0
 2259 0280 FEFFFFEB 		bl	led2_on
 2260              	.L29:
  76:../led.c      **** 	}
  77:../led.c      **** 	if(ledsBlink == 1){
 2261              		.loc 1 77 0
 2262 0284 64309FE5 		ldr	r3, .L32
 2263 0288 003093E5 		ldr	r3, [r3, #0]
 2264 028c 010053E3 		cmp	r3, #1
 2265 0290 1300001A 		bne	.L28
  78:../led.c      **** 		if(ledsToogle == 0){
 2266              		.loc 1 78 0
 2267 0294 58309FE5 		ldr	r3, .L32+4
 2268 0298 003093E5 		ldr	r3, [r3, #0]
 2269 029c 000053E3 		cmp	r3, #0
 2270 02a0 0500001A 		bne	.L31
  79:../led.c      **** 			ledsToogle = 1;
 2271              		.loc 1 79 0
 2272 02a4 48309FE5 		ldr	r3, .L32+4
 2273 02a8 0120A0E3 		mov	r2, #1
 2274 02ac 002083E5 		str	r2, [r3, #0]
  80:../led.c      **** 			led1_off();
 2275              		.loc 1 80 0
 2276 02b0 FEFFFFEB 		bl	led1_off
  81:../led.c      **** 			led2_off();
 2277              		.loc 1 81 0
 2278 02b4 FEFFFFEB 		bl	led2_off
  82:../led.c      **** 			return;
 2279              		.loc 1 82 0
 2280 02b8 090000EA 		b	.L28
 2281              	.L31:
  83:../led.c      **** 		}
  84:../led.c      **** 		if(ledsToogle == 1){
 2282              		.loc 1 84 0
 2283 02bc 30309FE5 		ldr	r3, .L32+4
 2284 02c0 003093E5 		ldr	r3, [r3, #0]
 2285 02c4 010053E3 		cmp	r3, #1
 2286 02c8 0500001A 		bne	.L28
  85:../led.c      **** 			ledsToogle = 0;
 2287              		.loc 1 85 0
 2288 02cc 20309FE5 		ldr	r3, .L32+4
 2289 02d0 0020A0E3 		mov	r2, #0
 2290 02d4 002083E5 		str	r2, [r3, #0]
  86:../led.c      **** 			led1_on();
 2291              		.loc 1 86 0
 2292 02d8 FEFFFFEB 		bl	led1_on
  87:../led.c      **** 			led2_on();
 2293              		.loc 1 87 0
 2294 02dc FEFFFFEB 		bl	led2_on
  88:../led.c      **** 			return;
 2295              		.loc 1 88 0
 2296 02e0 0000A0E1 		mov	r0, r0	@ nop
 2297              	.L28:
  89:../led.c      **** 		}
  90:../led.c      **** 	}
  91:../led.c      **** }
 2298              		.loc 1 91 0
 2299 02e4 0CD04BE2 		sub	sp, fp, #12
 2300 02e8 00689DE8 		ldmfd	sp, {fp, sp, lr}
 2301 02ec 1EFF2FE1 		bx	lr
 2302              	.L33:
 2303              		.align	2
 2304              	.L32:
 2305 02f0 00000000 		.word	ledsBlink
 2306 02f4 00000000 		.word	ledsToogle
 2307              		.cfi_endproc
 2308              	.LFE9:
 2310              	.Letext0:
DEFINED SYMBOLS
                            *ABS*:00000000 led.c
                            *COM*:00000004 led_state
C:\Users\Paloma\AppData\Local\Temp\cclIiZ9C.s:1831   .text:00000000 $a
C:\Users\Paloma\AppData\Local\Temp\cclIiZ9C.s:1834   .text:00000000 leds_on
C:\Users\Paloma\AppData\Local\Temp\cclIiZ9C.s:2104   .text:00000180 Led_Display
C:\Users\Paloma\AppData\Local\Temp\cclIiZ9C.s:1864   .text:00000020 leds_off
C:\Users\Paloma\AppData\Local\Temp\cclIiZ9C.s:1894   .text:00000040 led1_on
C:\Users\Paloma\AppData\Local\Temp\cclIiZ9C.s:1929   .text:0000007c $d
C:\Users\Paloma\AppData\Local\Temp\cclIiZ9C.s:1933   .text:00000080 $a
C:\Users\Paloma\AppData\Local\Temp\cclIiZ9C.s:1936   .text:00000080 led1_off
C:\Users\Paloma\AppData\Local\Temp\cclIiZ9C.s:1971   .text:000000bc $d
C:\Users\Paloma\AppData\Local\Temp\cclIiZ9C.s:1975   .text:000000c0 $a
C:\Users\Paloma\AppData\Local\Temp\cclIiZ9C.s:1978   .text:000000c0 led2_on
C:\Users\Paloma\AppData\Local\Temp\cclIiZ9C.s:2013   .text:000000fc $d
C:\Users\Paloma\AppData\Local\Temp\cclIiZ9C.s:2017   .text:00000100 $a
C:\Users\Paloma\AppData\Local\Temp\cclIiZ9C.s:2020   .text:00000100 led2_off
C:\Users\Paloma\AppData\Local\Temp\cclIiZ9C.s:2055   .text:0000013c $d
C:\Users\Paloma\AppData\Local\Temp\cclIiZ9C.s:2059   .text:00000140 $a
C:\Users\Paloma\AppData\Local\Temp\cclIiZ9C.s:2062   .text:00000140 leds_switch
C:\Users\Paloma\AppData\Local\Temp\cclIiZ9C.s:2097   .text:0000017c $d
C:\Users\Paloma\AppData\Local\Temp\cclIiZ9C.s:2101   .text:00000180 $a
C:\Users\Paloma\AppData\Local\Temp\cclIiZ9C.s:2175   .text:00000228 $d
C:\Users\Paloma\AppData\Local\Temp\cclIiZ9C.s:2185   .bss:00000000 ledsBlink
C:\Users\Paloma\AppData\Local\Temp\cclIiZ9C.s:2182   .bss:00000000 $d
C:\Users\Paloma\AppData\Local\Temp\cclIiZ9C.s:2191   .bss:00000004 ledsToogle
C:\Users\Paloma\AppData\Local\Temp\cclIiZ9C.s:2194   .text:00000230 $a
C:\Users\Paloma\AppData\Local\Temp\cclIiZ9C.s:2197   .text:00000230 ledsSetBlink
C:\Users\Paloma\AppData\Local\Temp\cclIiZ9C.s:2227   .text:0000025c $d
C:\Users\Paloma\AppData\Local\Temp\cclIiZ9C.s:2231   .text:00000260 $a
C:\Users\Paloma\AppData\Local\Temp\cclIiZ9C.s:2234   .text:00000260 ledsToggle
C:\Users\Paloma\AppData\Local\Temp\cclIiZ9C.s:2305   .text:000002f0 $d
                     .debug_frame:00000010 $d

NO UNDEFINED SYMBOLS
